SF:lib\core\ai\model_registry.dart
DA:27,2
DA:36,2
DA:37,1
DA:38,1
DA:39,1
DA:40,1
DA:41,1
DA:45,2
DA:46,1
DA:47,1
DA:48,1
DA:49,1
DA:50,1
DA:73,2
DA:82,1
DA:83,2
DA:84,1
DA:90,1
DA:91,5
DA:95,2
DA:96,1
DA:97,1
DA:98,5
DA:99,1
DA:100,1
DA:104,1
DA:105,1
DA:106,1
DA:107,1
DA:108,1
DA:109,1
DA:110,1
DA:111,3
DA:112,1
DA:235,1
DA:236,1
DA:239,1
DA:240,2
DA:245,1
DA:246,1
DA:248,2
DA:250,2
LF:42
LH:42
end_of_record
SF:lib\core\models\story_beat.dart
DA:10,1
DA:17,3
DA:19,2
DA:20,1
DA:21,1
DA:22,1
DA:23,1
DA:24,1
DA:25,1
DA:28,2
DA:29,1
DA:30,1
DA:31,1
DA:32,1
DA:33,1
DA:34,1
DA:37,1
DA:43,1
DA:44,1
DA:45,1
DA:46,1
DA:47,0
DA:48,1
DA:49,1
LF:24
LH:23
end_of_record
SF:lib\core\errors\result.dart
DA:5,1
DA:23,2
DA:24,1
DA:25,1
DA:29,2
DA:32,2
DA:38,1
DA:40,1
DA:45,2
DA:47,1
DA:49,3
DA:51,1
DA:53,2
DA:55,0
DA:62,1
DA:64,1
DA:69,2
DA:71,1
DA:73,2
DA:75,1
DA:77,2
DA:79,0
DA:81,0
LF:23
LH:20
end_of_record
SF:lib\core\errors\app_error.dart
DA:7,1
DA:9,1
DA:10,1
DA:15,1
DA:20,1
DA:25,1
DA:30,1
LF:7
LH:7
end_of_record
SF:lib\core\models\project.dart
DA:13,1
DA:20,1
DA:21,1
DA:22,1
DA:24,2
DA:25,1
DA:26,1
DA:27,1
DA:28,1
DA:29,2
DA:30,2
DA:33,2
DA:34,1
DA:35,1
DA:36,1
DA:37,1
DA:38,2
DA:39,2
LF:18
LH:18
end_of_record
SF:lib\core\models\document.dart
DA:14,1
DA:22,1
DA:23,1
DA:24,1
DA:26,2
DA:27,1
DA:28,1
DA:29,1
DA:30,1
DA:31,1
DA:32,2
DA:33,2
DA:36,2
DA:37,1
DA:38,1
DA:39,1
DA:40,1
DA:41,1
DA:42,2
DA:43,2
LF:20
LH:20
end_of_record
SF:lib\core\models\codex_entry.dart
DA:17,1
DA:26,1
DA:27,1
DA:28,1
DA:29,1
DA:31,2
DA:32,1
DA:33,1
DA:34,2
DA:35,1
DA:36,1
DA:37,1
DA:38,2
DA:39,2
DA:42,2
DA:43,1
DA:44,1
DA:45,1
DA:46,4
DA:47,0
DA:49,1
DA:50,1
DA:51,2
DA:52,2
DA:53,2
DA:56,0
DA:61,0
DA:62,0
DA:63,0
DA:64,0
DA:65,0
DA:66,0
DA:67,0
DA:68,0
DA:69,0
LF:35
LH:24
end_of_record
SF:lib\utils\markdown_helper.dart
DA:4,1
DA:5,1
DA:6,6
DA:10,1
DA:11,1
DA:12,2
DA:16,1
DA:17,1
DA:18,1
DA:19,2
DA:20,2
DA:21,2
DA:22,2
DA:28,0
DA:31,0
DA:32,0
DA:33,0
DA:34,0
DA:35,0
DA:38,0
DA:39,0
DA:40,0
DA:41,0
DA:42,0
DA:43,0
DA:45,0
DA:53,1
LF:27
LH:14
end_of_record
SF:lib\core\file_system\file_service.dart
DA:5,1
DA:8,0
DA:9,0
DA:10,0
DA:11,0
DA:13,0
DA:17,0
DA:18,0
DA:19,0
DA:20,0
DA:24,0
DA:25,0
DA:26,0
DA:27,0
DA:32,0
DA:33,0
DA:34,0
DA:35,0
DA:40,0
DA:41,0
DA:42,0
DA:43,0
DA:44,0
DA:45,0
DA:46,0
DA:49,0
DA:54,0
DA:55,0
DA:56,0
DA:60,0
DA:61,0
DA:65,0
DA:66,0
DA:70,1
DA:71,1
DA:72,1
DA:75,1
DA:76,2
DA:79,1
DA:81,2
DA:82,5
DA:83,1
DA:86,1
DA:87,2
DA:89,2
LF:45
LH:13
end_of_record
SF:lib\services\quota_service.dart
DA:6,1
DA:8,0
DA:9,2
DA:10,0
DA:12,0
DA:14,0
DA:15,0
DA:16,0
DA:17,0
DA:18,0
DA:22,0
DA:23,0
DA:24,0
DA:25,0
DA:29,0
DA:30,0
DA:31,0
LF:17
LH:2
end_of_record
